Determining if the pthread_create exist failed with the following output:
Change Dir: /home/thorvald/grass_ws/src/gr_perception/gr_tools/pcl_cuda_tools/build/CMakeFiles/CMakeTmp

Run Build Command:"/usr/bin/make" "cmTC_875fc/fast"
/usr/bin/make -f CMakeFiles/cmTC_875fc.dir/build.make CMakeFiles/cmTC_875fc.dir/build
make[1]: Entering directory '/home/thorvald/grass_ws/src/gr_perception/gr_tools/pcl_cuda_tools/build/CMakeFiles/CMakeTmp'
Building C object CMakeFiles/cmTC_875fc.dir/CheckSymbolExists.c.o
/usr/bin/cc   -fPIC    -o CMakeFiles/cmTC_875fc.dir/CheckSymbolExists.c.o   -c /home/thorvald/grass_ws/src/gr_perception/gr_tools/pcl_cuda_tools/build/CMakeFiles/CMakeTmp/CheckSymbolExists.c
Linking C executable cmTC_875fc
/usr/bin/cmake -E cmake_link_script CMakeFiles/cmTC_875fc.dir/link.txt --verbose=1
/usr/bin/cc -fPIC     -rdynamic CMakeFiles/cmTC_875fc.dir/CheckSymbolExists.c.o  -o cmTC_875fc 
CMakeFiles/cmTC_875fc.dir/CheckSymbolExists.c.o: In function `main':
CheckSymbolExists.c:(.text+0x14): undefined reference to `pthread_create'
CheckSymbolExists.c:(.text+0x18): undefined reference to `pthread_create'
collect2: error: ld returned 1 exit status
CMakeFiles/cmTC_875fc.dir/build.make:97: recipe for target 'cmTC_875fc' failed
make[1]: *** [cmTC_875fc] Error 1
make[1]: Leaving directory '/home/thorvald/grass_ws/src/gr_perception/gr_tools/pcl_cuda_tools/build/CMakeFiles/CMakeTmp'
Makefile:126: recipe for target 'cmTC_875fc/fast' failed
make: *** [cmTC_875fc/fast] Error 2

File /home/thorvald/grass_ws/src/gr_perception/gr_tools/pcl_cuda_tools/build/CMakeFiles/CMakeTmp/CheckSymbolExists.c:
/* */
#include <pthread.h>

int main(int argc, char** argv)
{
  (void)argv;
#ifndef pthread_create
  return ((int*)(&pthread_create))[argc];
#else
  (void)argc;
  return 0;
#endif
}

Determining if the function pthread_create exists in the pthreads failed with the following output:
Change Dir: /home/thorvald/grass_ws/src/gr_perception/gr_tools/pcl_cuda_tools/build/CMakeFiles/CMakeTmp

Run Build Command:"/usr/bin/make" "cmTC_126f5/fast"
/usr/bin/make -f CMakeFiles/cmTC_126f5.dir/build.make CMakeFiles/cmTC_126f5.dir/build
make[1]: Entering directory '/home/thorvald/grass_ws/src/gr_perception/gr_tools/pcl_cuda_tools/build/CMakeFiles/CMakeTmp'
Building C object CMakeFiles/cmTC_126f5.dir/CheckFunctionExists.c.o
/usr/bin/cc   -fPIC -DCHECK_FUNCTION_EXISTS=pthread_create   -o CMakeFiles/cmTC_126f5.dir/CheckFunctionExists.c.o   -c /usr/share/cmake-3.10/Modules/CheckFunctionExists.c
Linking C executable cmTC_126f5
/usr/bin/cmake -E cmake_link_script CMakeFiles/cmTC_126f5.dir/link.txt --verbose=1
/usr/bin/cc -fPIC -DCHECK_FUNCTION_EXISTS=pthread_create    -rdynamic CMakeFiles/cmTC_126f5.dir/CheckFunctionExists.c.o  -o cmTC_126f5 -lpthreads 
/usr/bin/ld: cannot find -lpthreads
collect2: error: ld returned 1 exit status
CMakeFiles/cmTC_126f5.dir/build.make:97: recipe for target 'cmTC_126f5' failed
make[1]: *** [cmTC_126f5] Error 1
make[1]: Leaving directory '/home/thorvald/grass_ws/src/gr_perception/gr_tools/pcl_cuda_tools/build/CMakeFiles/CMakeTmp'
Makefile:126: recipe for target 'cmTC_126f5/fast' failed
make: *** [cmTC_126f5/fast] Error 2


